<?xml version="1.0" encoding="UTF-8"?>
<coverage generated="1742617789971" clover="3.2.0">
  <project timestamp="1742617789971" name="All files">
    <metrics statements="29" coveredstatements="22" conditionals="3" coveredconditionals="3" methods="6" coveredmethods="4" elements="38" coveredelements="29" complexity="0" loc="29" ncloc="29" packages="1" files="1" classes="1"/>
    <file name="testdb.ts" path="/Users/sahil/Documents/Money_lens_latest3/Money-Lens-App/tests/integration_tests/testdb.ts">
      <metrics statements="29" coveredstatements="22" conditionals="3" coveredconditionals="3" methods="6" coveredmethods="4"/>
      <line num="35" count="3" type="stmt"/>
      <line num="36" count="3" type="stmt"/>
      <line num="40" count="3" type="stmt"/>
      <line num="41" count="4" type="stmt"/>
      <line num="42" count="4" type="stmt"/>
      <line num="44" count="4" type="stmt"/>
      <line num="45" count="4" type="stmt"/>
      <line num="46" count="4" type="stmt"/>
      <line num="49" count="4" type="stmt"/>
      <line num="50" count="4" type="cond" truecount="1" falsecount="0"/>
      <line num="52" count="0" type="stmt"/>
      <line num="53" count="0" type="stmt"/>
      <line num="54" count="0" type="stmt"/>
      <line num="57" count="0" type="stmt"/>
      <line num="58" count="0" type="stmt"/>
      <line num="59" count="0" type="stmt"/>
      <line num="64" count="3" type="stmt"/>
      <line num="65" count="4" type="stmt"/>
      <line num="66" count="4" type="stmt"/>
      <line num="67" count="4" type="stmt"/>
      <line num="68" count="4" type="cond" truecount="1" falsecount="0"/>
      <line num="69" count="4" type="stmt"/>
      <line num="71" count="4" type="stmt"/>
      <line num="73" count="0" type="stmt"/>
      <line num="77" count="3" type="stmt"/>
      <line num="78" count="22" type="stmt"/>
      <line num="79" count="22" type="stmt"/>
      <line num="80" count="48" type="cond" truecount="1" falsecount="0"/>
      <line num="81" count="48" type="stmt"/>
    </file>
  </project>
</coverage>
