{"/Users/sahil/Documents/Money_lens_latest3/Money-Lens-App/tests/integration_tests/testdb.ts": {"path":"/Users/sahil/Documents/Money_lens_latest3/Money-Lens-App/tests/integration_tests/testdb.ts","statementMap":{"0":{"start":{"line":35,"column":17},"end":{"line":35,"column":78}},"1":{"start":{"line":36,"column":0},"end":{"line":36,"column":58}},"2":{"start":{"line":40,"column":23},"end":{"line":62,"column":1}},"3":{"start":{"line":41,"column":2},"end":{"line":41,"column":49}},"4":{"start":{"line":42,"column":14},"end":{"line":42,"column":34}},"5":{"start":{"line":44,"column":2},"end":{"line":44,"column":30}},"6":{"start":{"line":45,"column":2},"end":{"line":45,"column":36}},"7":{"start":{"line":46,"column":2},"end":{"line":46,"column":33}},"8":{"start":{"line":49,"column":2},"end":{"line":61,"column":5}},"9":{"start":{"line":50,"column":4},"end":{"line":50,"column":63}},"10":{"start":{"line":50,"column":46},"end":{"line":50,"column":63}},"11":{"start":{"line":52,"column":4},"end":{"line":55,"column":7}},"12":{"start":{"line":53,"column":6},"end":{"line":53,"column":50}},"13":{"start":{"line":54,"column":6},"end":{"line":54,"column":16}},"14":{"start":{"line":57,"column":4},"end":{"line":60,"column":7}},"15":{"start":{"line":58,"column":6},"end":{"line":58,"column":55}},"16":{"start":{"line":59,"column":6},"end":{"line":59,"column":18}},"17":{"start":{"line":40,"column":13},"end":{"line":40,"column":23}},"18":{"start":{"line":64,"column":29},"end":{"line":75,"column":1}},"19":{"start":{"line":65,"column":2},"end":{"line":74,"column":3}},"20":{"start":{"line":66,"column":4},"end":{"line":66,"column":45}},"21":{"start":{"line":67,"column":4},"end":{"line":67,"column":38}},"22":{"start":{"line":68,"column":4},"end":{"line":70,"column":5}},"23":{"start":{"line":69,"column":6},"end":{"line":69,"column":31}},"24":{"start":{"line":71,"column":4},"end":{"line":71,"column":35}},"25":{"start":{"line":73,"column":4},"end":{"line":73,"column":52}},"26":{"start":{"line":64,"column":13},"end":{"line":64,"column":29}},"27":{"start":{"line":77,"column":29},"end":{"line":84,"column":1}},"28":{"start":{"line":78,"column":22},"end":{"line":78,"column":53}},"29":{"start":{"line":79,"column":2},"end":{"line":83,"column":3}},"30":{"start":{"line":80,"column":4},"end":{"line":82,"column":5}},"31":{"start":{"line":81,"column":6},"end":{"line":81,"column":44}},"32":{"start":{"line":77,"column":13},"end":{"line":77,"column":29}}},"fnMap":{"0":{"name":"(anonymous_0)","decl":{"start":{"line":40,"column":23},"end":{"line":40,"column":28}},"loc":{"start":{"line":40,"column":49},"end":{"line":62,"column":1}}},"1":{"name":"(anonymous_1)","decl":{"start":{"line":49,"column":26},"end":{"line":49,"column":27}},"loc":{"start":{"line":49,"column":46},"end":{"line":61,"column":3}}},"2":{"name":"(anonymous_2)","decl":{"start":{"line":52,"column":42},"end":{"line":52,"column":45}},"loc":{"start":{"line":52,"column":47},"end":{"line":55,"column":5}}},"3":{"name":"(anonymous_3)","decl":{"start":{"line":57,"column":38},"end":{"line":57,"column":39}},"loc":{"start":{"line":57,"column":53},"end":{"line":60,"column":5}}},"4":{"name":"(anonymous_4)","decl":{"start":{"line":64,"column":29},"end":{"line":64,"column":34}},"loc":{"start":{"line":64,"column":55},"end":{"line":75,"column":1}}},"5":{"name":"(anonymous_5)","decl":{"start":{"line":77,"column":29},"end":{"line":77,"column":34}},"loc":{"start":{"line":77,"column":55},"end":{"line":84,"column":1}}}},"branchMap":{"0":{"loc":{"start":{"line":50,"column":4},"end":{"line":50,"column":63}},"type":"if","locations":[{"start":{"line":50,"column":4},"end":{"line":50,"column":63}}]},"1":{"loc":{"start":{"line":68,"column":4},"end":{"line":70,"column":5}},"type":"if","locations":[{"start":{"line":68,"column":4},"end":{"line":70,"column":5}}]},"2":{"loc":{"start":{"line":80,"column":4},"end":{"line":82,"column":5}},"type":"if","locations":[{"start":{"line":80,"column":4},"end":{"line":82,"column":5}}]}},"s":{"0":3,"1":3,"2":3,"3":4,"4":4,"5":4,"6":4,"7":4,"8":4,"9":4,"10":4,"11":0,"12":0,"13":0,"14":0,"15":0,"16":0,"17":3,"18":3,"19":4,"20":4,"21":4,"22":4,"23":4,"24":4,"25":0,"26":3,"27":3,"28":22,"29":22,"30":48,"31":48,"32":3},"f":{"0":4,"1":4,"2":0,"3":0,"4":4,"5":22},"b":{"0":[4],"1":[4],"2":[48]}}
}
