TN:
SF:testdb.ts
FN:40,(anonymous_0)
FN:49,(anonymous_1)
FN:52,(anonymous_2)
FN:57,(anonymous_3)
FN:64,(anonymous_4)
FN:77,(anonymous_5)
FNF:6
FNH:4
FNDA:1,(anonymous_0)
FNDA:1,(anonymous_1)
FNDA:0,(anonymous_2)
FNDA:0,(anonymous_3)
FNDA:1,(anonymous_4)
FNDA:11,(anonymous_5)
DA:35,1
DA:36,1
DA:40,1
DA:41,1
DA:42,1
DA:44,1
DA:45,1
DA:46,1
DA:49,1
DA:50,1
DA:52,0
DA:53,0
DA:54,0
DA:57,0
DA:58,0
DA:59,0
DA:64,1
DA:65,1
DA:66,1
DA:67,1
DA:68,1
DA:69,1
DA:71,1
DA:73,0
DA:77,1
DA:78,11
DA:79,11
DA:80,33
DA:81,33
LF:29
LH:22
BRDA:50,0,0,1
BRDA:68,1,0,1
BRDA:80,2,0,33
BRF:3
BRH:3
end_of_record
