{"/Users/ginelletemull/Documents-copy/UM/current-term/COMP_4350/Money-Lens-App/backend/tests/testdb.ts": {"path":"/Users/ginelletemull/Documents-copy/UM/current-term/COMP_4350/Money-Lens-App/backend/tests/testdb.ts","statementMap":{"0":{"start":{"line":1,"column":0},"end":{"line":1,"column":32}},"1":{"start":{"line":2,"column":0},"end":{"line":2,"column":58}},"2":{"start":{"line":4,"column":15},"end":{"line":4,"column":41}},"3":{"start":{"line":6,"column":23},"end":{"line":9,"column":null}},"4":{"start":{"line":6,"column":34},"end":{"line":9,"column":null}},"5":{"start":{"line":7,"column":15},"end":{"line":7,"column":44}},"6":{"start":{"line":8,"column":3},"end":{"line":8,"column":31}},"7":{"start":{"line":6,"column":13},"end":{"line":6,"column":23}},"8":{"start":{"line":11,"column":29},"end":{"line":15,"column":null}},"9":{"start":{"line":11,"column":40},"end":{"line":15,"column":null}},"10":{"start":{"line":12,"column":3},"end":{"line":12,"column":44}},"11":{"start":{"line":13,"column":3},"end":{"line":13,"column":37}},"12":{"start":{"line":14,"column":3},"end":{"line":14,"column":31}},"13":{"start":{"line":11,"column":13},"end":{"line":11,"column":29}},"14":{"start":{"line":17,"column":29},"end":{"line":23,"column":null}},"15":{"start":{"line":17,"column":40},"end":{"line":23,"column":null}},"16":{"start":{"line":18,"column":23},"end":{"line":18,"column":54}},"17":{"start":{"line":19,"column":3},"end":{"line":22,"column":4}},"18":{"start":{"line":20,"column":25},"end":{"line":20,"column":41}},"19":{"start":{"line":21,"column":6},"end":{"line":21,"column":38}},"20":{"start":{"line":17,"column":13},"end":{"line":17,"column":29}}},"fnMap":{"0":{"name":"(anonymous_7)","decl":{"start":{"line":6,"column":23},"end":{"line":6,"column":32}},"loc":{"start":{"line":6,"column":34},"end":{"line":9,"column":null}}},"1":{"name":"(anonymous_8)","decl":{"start":{"line":6,"column":34},"end":{"line":6,"column":null}},"loc":{"start":{"line":6,"column":34},"end":{"line":9,"column":1}}},"2":{"name":"(anonymous_9)","decl":{"start":{"line":11,"column":29},"end":{"line":11,"column":38}},"loc":{"start":{"line":11,"column":40},"end":{"line":15,"column":null}}},"3":{"name":"(anonymous_10)","decl":{"start":{"line":11,"column":40},"end":{"line":11,"column":null}},"loc":{"start":{"line":11,"column":40},"end":{"line":15,"column":1}}},"4":{"name":"(anonymous_11)","decl":{"start":{"line":17,"column":29},"end":{"line":17,"column":38}},"loc":{"start":{"line":17,"column":40},"end":{"line":23,"column":null}}},"5":{"name":"(anonymous_12)","decl":{"start":{"line":17,"column":40},"end":{"line":17,"column":null}},"loc":{"start":{"line":17,"column":40},"end":{"line":23,"column":1}}}},"branchMap":{},"s":{"0":1,"1":1,"2":1,"3":1,"4":1,"5":1,"6":1,"7":1,"8":1,"9":1,"10":1,"11":1,"12":1,"13":1,"14":1,"15":1,"16":1,"17":1,"18":0,"19":0,"20":1},"f":{"0":1,"1":1,"2":1,"3":1,"4":1,"5":1},"b":{}}
}
