<?xml version="1.0" encoding="UTF-8"?>
<coverage generated="1742618331618" clover="3.2.0">
  <project timestamp="1742618331618" name="All files">
    <metrics statements="29" coveredstatements="22" conditionals="3" coveredconditionals="3" methods="6" coveredmethods="4" elements="38" coveredelements="29" complexity="0" loc="29" ncloc="29" packages="1" files="1" classes="1"/>
    <file name="testdb.ts" path="/Users/ginelletemull/Documents-copy/UM/current-term/COMP_4350/Money-Lens-App/tests/testdb.ts">
      <metrics statements="29" coveredstatements="22" conditionals="3" coveredconditionals="3" methods="6" coveredmethods="4"/>
      <line num="1" count="1" type="stmt"/>
      <line num="2" count="1" type="stmt"/>
      <line num="6" count="1" type="stmt"/>
      <line num="7" count="1" type="stmt"/>
      <line num="8" count="1" type="stmt"/>
      <line num="10" count="1" type="stmt"/>
      <line num="11" count="1" type="stmt"/>
      <line num="12" count="1" type="stmt"/>
      <line num="15" count="1" type="stmt"/>
      <line num="16" count="1" type="cond" truecount="1" falsecount="0"/>
      <line num="18" count="0" type="stmt"/>
      <line num="19" count="0" type="stmt"/>
      <line num="20" count="0" type="stmt"/>
      <line num="23" count="0" type="stmt"/>
      <line num="24" count="0" type="stmt"/>
      <line num="25" count="0" type="stmt"/>
      <line num="30" count="1" type="stmt"/>
      <line num="31" count="1" type="stmt"/>
      <line num="32" count="1" type="stmt"/>
      <line num="33" count="1" type="stmt"/>
      <line num="34" count="1" type="cond" truecount="1" falsecount="0"/>
      <line num="35" count="1" type="stmt"/>
      <line num="37" count="1" type="stmt"/>
      <line num="39" count="0" type="stmt"/>
      <line num="43" count="1" type="stmt"/>
      <line num="44" count="10" type="stmt"/>
      <line num="45" count="10" type="stmt"/>
      <line num="46" count="28" type="cond" truecount="1" falsecount="0"/>
      <line num="47" count="28" type="stmt"/>
    </file>
  </project>
</coverage>
