{"C:\\Users\\jasha\\Desktop\\Resources\\Money-Lens-App\\tests\\integration_tests\\testdb.ts": {"path":"C:\\Users\\jasha\\Desktop\\Resources\\Money-Lens-App\\tests\\integration_tests\\testdb.ts","statementMap":{"0":{"start":{"line":1,"column":0},"end":{"line":1,"column":32}},"1":{"start":{"line":2,"column":0},"end":{"line":2,"column":58}},"2":{"start":{"line":5,"column":15},"end":{"line":5,"column":41}},"3":{"start":{"line":7,"column":23},"end":{"line":18,"column":1}},"4":{"start":{"line":9,"column":15},"end":{"line":9,"column":44}},"5":{"start":{"line":11,"column":3},"end":{"line":13,"column":7}},"6":{"start":{"line":14,"column":4},"end":{"line":14,"column":38}},"7":{"start":{"line":16,"column":2},"end":{"line":16,"column":92}},"8":{"start":{"line":16,"column":44},"end":{"line":16,"column":90}},"9":{"start":{"line":17,"column":2},"end":{"line":17,"column":93}},"10":{"start":{"line":17,"column":43},"end":{"line":17,"column":91}},"11":{"start":{"line":7,"column":13},"end":{"line":7,"column":23}},"12":{"start":{"line":20,"column":29},"end":{"line":24,"column":1}},"13":{"start":{"line":21,"column":3},"end":{"line":21,"column":44}},"14":{"start":{"line":22,"column":3},"end":{"line":22,"column":37}},"15":{"start":{"line":23,"column":3},"end":{"line":23,"column":31}},"16":{"start":{"line":20,"column":13},"end":{"line":20,"column":29}},"17":{"start":{"line":26,"column":29},"end":{"line":34,"column":1}},"18":{"start":{"line":27,"column":23},"end":{"line":27,"column":54}},"19":{"start":{"line":28,"column":3},"end":{"line":33,"column":4}},"20":{"start":{"line":29,"column":25},"end":{"line":29,"column":41}},"21":{"start":{"line":30,"column":6},"end":{"line":30,"column":38}},"22":{"start":{"line":31,"column":21},"end":{"line":31,"column":52}},"23":{"start":{"line":32,"column":6},"end":{"line":32,"column":74}},"24":{"start":{"line":26,"column":13},"end":{"line":26,"column":29}}},"fnMap":{"0":{"name":"(anonymous_1)","decl":{"start":{"line":7,"column":23},"end":{"line":7,"column":28}},"loc":{"start":{"line":7,"column":34},"end":{"line":18,"column":1}}},"1":{"name":"(anonymous_2)","decl":{"start":{"line":16,"column":38},"end":{"line":16,"column":41}},"loc":{"start":{"line":16,"column":44},"end":{"line":16,"column":90}}},"2":{"name":"(anonymous_3)","decl":{"start":{"line":17,"column":34},"end":{"line":17,"column":35}},"loc":{"start":{"line":17,"column":43},"end":{"line":17,"column":91}}},"3":{"name":"(anonymous_4)","decl":{"start":{"line":20,"column":29},"end":{"line":20,"column":34}},"loc":{"start":{"line":20,"column":40},"end":{"line":24,"column":1}}},"4":{"name":"(anonymous_5)","decl":{"start":{"line":26,"column":29},"end":{"line":26,"column":34}},"loc":{"start":{"line":26,"column":40},"end":{"line":34,"column":1}}}},"branchMap":{},"s":{"0":1,"1":1,"2":1,"3":1,"4":1,"5":1,"6":1,"7":1,"8":0,"9":1,"10":0,"11":1,"12":1,"13":1,"14":1,"15":1,"16":1,"17":1,"18":11,"19":11,"20":0,"21":0,"22":0,"23":0,"24":1},"f":{"0":1,"1":0,"2":0,"3":1,"4":11},"b":{}}
}
