{"/Users/ginelletemull/Documents-copy/UM/current-term/COMP_4350/Money-Lens-App/tests/testdb.ts": {"path":"/Users/ginelletemull/Documents-copy/UM/current-term/COMP_4350/Money-Lens-App/tests/testdb.ts","statementMap":{"0":{"start":{"line":1,"column":0},"end":{"line":1,"column":32}},"1":{"start":{"line":2,"column":0},"end":{"line":2,"column":58}},"2":{"start":{"line":8,"column":23},"end":{"line":12,"column":1}},"3":{"start":{"line":9,"column":3},"end":{"line":9,"column":45}},"4":{"start":{"line":10,"column":15},"end":{"line":10,"column":44}},"5":{"start":{"line":11,"column":3},"end":{"line":11,"column":31}},"6":{"start":{"line":8,"column":13},"end":{"line":8,"column":23}},"7":{"start":{"line":14,"column":29},"end":{"line":19,"column":1}},"8":{"start":{"line":15,"column":3},"end":{"line":15,"column":44}},"9":{"start":{"line":16,"column":3},"end":{"line":16,"column":37}},"10":{"start":{"line":17,"column":3},"end":{"line":17,"column":31}},"11":{"start":{"line":18,"column":3},"end":{"line":18,"column":23}},"12":{"start":{"line":14,"column":13},"end":{"line":14,"column":29}},"13":{"start":{"line":21,"column":29},"end":{"line":27,"column":1}},"14":{"start":{"line":22,"column":23},"end":{"line":22,"column":54}},"15":{"start":{"line":23,"column":3},"end":{"line":26,"column":4}},"16":{"start":{"line":24,"column":25},"end":{"line":24,"column":41}},"17":{"start":{"line":25,"column":6},"end":{"line":25,"column":38}},"18":{"start":{"line":21,"column":13},"end":{"line":21,"column":29}}},"fnMap":{"0":{"name":"(anonymous_1)","decl":{"start":{"line":8,"column":23},"end":{"line":8,"column":28}},"loc":{"start":{"line":8,"column":34},"end":{"line":12,"column":1}}},"1":{"name":"(anonymous_2)","decl":{"start":{"line":14,"column":29},"end":{"line":14,"column":34}},"loc":{"start":{"line":14,"column":40},"end":{"line":19,"column":1}}},"2":{"name":"(anonymous_3)","decl":{"start":{"line":21,"column":29},"end":{"line":21,"column":34}},"loc":{"start":{"line":21,"column":40},"end":{"line":27,"column":1}}}},"branchMap":{},"s":{"0":1,"1":1,"2":1,"3":1,"4":1,"5":1,"6":1,"7":1,"8":1,"9":1,"10":1,"11":1,"12":1,"13":1,"14":2,"15":2,"16":0,"17":0,"18":1},"f":{"0":1,"1":1,"2":2},"b":{}}
}
