TN:
SF:testdb.ts
FN:6,(anonymous_0)
FN:15,(anonymous_1)
FN:18,(anonymous_2)
FN:23,(anonymous_3)
FN:30,(anonymous_4)
FN:43,(anonymous_5)
FNF:6
FNH:4
FNDA:2,(anonymous_0)
FNDA:2,(anonymous_1)
FNDA:0,(anonymous_2)
FNDA:0,(anonymous_3)
FNDA:2,(anonymous_4)
FNDA:15,(anonymous_5)
DA:1,2
DA:2,2
DA:6,2
DA:7,2
DA:8,2
DA:10,2
DA:11,2
DA:12,2
DA:15,2
DA:16,2
DA:18,0
DA:19,0
DA:20,0
DA:23,0
DA:24,0
DA:25,0
DA:30,2
DA:31,2
DA:32,2
DA:33,2
DA:34,2
DA:35,2
DA:37,2
DA:39,0
DA:43,2
DA:44,15
DA:45,15
DA:46,26
DA:47,26
LF:29
LH:22
BRDA:16,0,0,2
BRDA:34,1,0,2
BRDA:46,2,0,26
BRF:3
BRH:3
end_of_record
TN:
SF:integration_tests\testdb.ts
FN:6,(anonymous_0)
FN:15,(anonymous_1)
FN:18,(anonymous_2)
FN:23,(anonymous_3)
FN:30,(anonymous_4)
FN:43,(anonymous_5)
FNF:6
FNH:4
FNDA:7,(anonymous_0)
FNDA:7,(anonymous_1)
FNDA:0,(anonymous_2)
FNDA:0,(anonymous_3)
FNDA:7,(anonymous_4)
FNDA:40,(anonymous_5)
DA:1,6
DA:2,6
DA:6,6
DA:7,7
DA:8,7
DA:10,7
DA:11,7
DA:12,7
DA:15,7
DA:16,7
DA:18,0
DA:19,0
DA:20,0
DA:23,0
DA:24,0
DA:25,0
DA:30,6
DA:31,7
DA:32,7
DA:33,7
DA:34,7
DA:35,7
DA:37,7
DA:39,0
DA:43,6
DA:44,40
DA:45,40
DA:46,89
DA:47,89
LF:29
LH:22
BRDA:16,0,0,7
BRDA:34,1,0,7
BRDA:46,2,0,89
BRF:3
BRH:3
end_of_record
